#
# A fatal error has been detected by the Java Runtime Environment:
#
#  EXCEPTION_UNCAUGHT_CXX_EXCEPTION (0xe06d7363) at pc=0x000007fefd6fbded, pid=7880, tid=5292
#
# JRE version: OpenJDK Runtime Environment JBR-11.0.10.9-1341.35-dcevm (11.0.10+9) (build 11.0.10+9-b1341.35)
# Java VM: Dynamic Code Evolution 64-Bit Server VM JBR-11.0.10.9-1341.35-dcevm (11.0.10+9-b1341.35, mixed mode, tiered, compressed oops, g1 gc, windows-amd64)
# Problematic frame:
# C  [KERNELBASE.dll+0xbded]
#
# No core dump will be written. Minidumps are not enabled by default on client versions of Windows
#
# If you would like to submit a bug report, please visit:
#   https://bugreport.java.com/bugreport/crash.jsp
#

---------------  S U M M A R Y ------------

Command Line: org.jetbrains.git4idea.nativessh.GitNativeSshAskPassApp The authenticity of host 'github.com (140.82.121.4)' can't be established.
RSA key fingerprint is SHA256:nThbg6kXUpJWGl7E1IGOCspRomTxdCARLviKw6E5SY8.
This key is not known by any other names
Are you sure you want to continue connecting (yes/no/[fingerprint])? 

Host: AMD A10-5800K APU with Radeon(tm) HD Graphics  , 4 cores, 7G,  Windows 7 , 64 bit Build 7601 (6.1.7601.24260)
Time: Fri Oct  1 17:01:13 2021 RTZ 2 (ceia) elapsed time: 0.186458 seconds (0d 0h 0m 0s)

---------------  T H R E A D  ---------------

Current thread (0x00000000001f0000):  JavaThread "main" [_thread_in_vm, id=5292, stack(0x00000000022b0000,0x00000000023b0000)]

Stack: [0x00000000022b0000,0x00000000023b0000],  sp=0x00000000023acb70,  free space=1010k
Native frames: (J=compiled Java code, j=interpreted, Vv=VM code, C=native code)
C  [KERNELBASE.dll+0xbded]
C  [VCRUNTIME140.dll+0x4462]
C  [jimage.dll+0x389f]

Java frames: (J=compiled Java code, j=interpreted, Vv=VM code)
j  java.lang.invoke.DirectMethodHandle.<clinit>()V+82 java.base@11.0.10
v  ~StubRoutines::call_stub
j  java.lang.invoke.MethodHandles$Lookup.getDirectMethodCommon(BLjava/lang/Class;Ljava/lang/invoke/MemberName;ZZLjava/lang/Class;)Ljava/lang/invoke/MethodHandle;+205 java.base@11.0.10
j  java.lang.invoke.MethodHandles$Lookup.getDirectMethodNoSecurityManager(BLjava/lang/Class;Ljava/lang/invoke/MemberName;Ljava/lang/Class;)Ljava/lang/invoke/MethodHandle;+14 java.base@11.0.10
j  java.lang.invoke.MethodHandles$Lookup.getDirectMethodForConstant(BLjava/lang/Class;Ljava/lang/invoke/MemberName;)Ljava/lang/invoke/MethodHandle;+30 java.base@11.0.10
j  java.lang.invoke.MethodHandles$Lookup.linkMethodHandleConstant(BLjava/lang/Class;Ljava/lang/String;Ljava/lang/Object;)Ljava/lang/invoke/MethodHandle;+150 java.base@11.0.10
j  java.lang.invoke.MethodHandleNatives.linkMethodHandleConstant(Ljava/lang/Class;ILjava/lang/Class;Ljava/lang/String;Ljava/lang/Object;)Ljava/lang/invoke/MethodHandle;+38 java.base@11.0.10
v  ~StubRoutines::call_stub
j  org.jetbrains.git4idea.nativessh.GitNativeSshAskPassXmlRpcHandler.<clinit>()V+11
v  ~StubRoutines::call_stub
j  org.jetbrains.git4idea.nativessh.GitNativeSshAskPassApp.main([Ljava/lang/String;)V+27
v  ~StubRoutines::call_stub

siginfo: EXCEPTION_UNCAUGHT_CXX_EXCEPTION (0xe06d7363), ExceptionInformation=0x0000000019930520 0x00000000023acce0 0x000007fefb0e5038 0x000007fefb0e0000 


Register to memory mapping:

RIP=0x000007fefd6fbded KERNELBASE.dll
RAX=0x0000000075bff480 is an unknown value
RBX=0x0000000000007c7a is an unknown value
RCX=0x00000000023ac560 is pointing into the stack for thread: 0x00000000001f0000
RDX=0x00000000000000d0 is an unknown value
RSP=0x00000000023acb70 is pointing into the stack for thread: 0x00000000001f0000
RBP=0x00000000023acca0 is pointing into the stack for thread: 0x00000000001f0000
RSI=0x000007fefb0e5038 jimage.dll
RDI=0x00000000063d92a3 points into unknown readable memory: fa fa fe ca b7
R8 =0x0 is NULL
R9 =0x0 is NULL
R10=0x000007fefb0e0000 jimage.dll
R11=0x00000000023acbb0 is pointing into the stack for thread: 0x00000000001f0000
R12=0x0000000000007c7a is an unknown value
R13=0x00000000001f2520 points into unknown readable memory: 0x000007fedca9ee48 | 48 ee a9 dc fe 07 00 00
R14=0x00000000023acce0 is pointing into the stack for thread: 0x00000000001f0000
R15=0x000000005e947980 points into unknown readable memory: 0x0a0c0023c823d040 | 40 d0 23 c8 23 00 0c 0a


Registers:
RAX=0x0000000075bff480, RBX=0x0000000000007c7a, RCX=0x00000000023ac560, RDX=0x00000000000000d0
RSP=0x00000000023acb70, RBP=0x00000000023acca0, RSI=0x000007fefb0e5038, RDI=0x00000000063d92a3
R8 =0x0000000000000000, R9 =0x0000000000000000, R10=0x000007fefb0e0000, R11=0x00000000023acbb0
R12=0x0000000000007c7a, R13=0x00000000001f2520, R14=0x00000000023acce0, R15=0x000000005e947980
RIP=0x000007fefd6fbded, EFLAGS=0x0000000000000202

Top of Stack: (sp=0x00000000023acb70)
0x00000000023acb70:   0000000000007c7a 000007fefb0e5038
0x00000000023acb80:   00000000063d92a3 00000000001f0000
0x00000000023acb90:   00000001e06d7363 0000000000000000
0x00000000023acba0:   000007fefd6fbded 000007fe00000004
0x00000000023acbb0:   0000000019930520 00000000023acce0
0x00000000023acbc0:   000007fefb0e5038 000007fefb0e0000
0x00000000023acbd0:   00000000c0000017 00000000023acc58
0x00000000023acbe0:   0000000000007c7a 0000000000007c90
0x00000000023acbf0:   00000000001b33a0 00000000023acce0
0x00000000023acc00:   0000000000000000 000007fedc5bce3d
0x00000000023acc10:   00000000023acce0 00000000001f2520
0x00000000023acc20:   0000000000007c7a 00000000063d92a3
0x00000000023acc30:   000007fefb0e5038 000007fedee34462
0x00000000023acc40:   0000000000007c7a 00000000023accc0
0x00000000023acc50:   0000000000000001 000007fefb0e0108
0x00000000023acc60:   00000001e06d7363 0000000000000000 

Instructions: (pc=0x000007fefd6fbded)
0x000007fefd6fbced:   54 24 48 48 8d 44 24 44 4c 8d 4c 24 70 48 89 44
0x000007fefd6fbcfd:   24 38 48 8d 44 24 40 41 b8 01 00 00 00 48 89 44
0x000007fefd6fbd0d:   24 30 48 8d 44 24 58 48 8b cb 48 89 44 24 28 48
0x000007fefd6fbd1d:   8d 84 24 b0 00 00 00 48 89 44 24 20 ff 15 21 eb
0x000007fefd6fbd2d:   03 00 8b f8 85 c0 78 16 83 7c 24 44 00 75 0f 83
0x000007fefd6fbd3d:   7c 24 40 01 75 08 41 c7 04 24 01 00 00 00 48 85
0x000007fefd6fbd4d:   f6 75 10 48 8b 4c 24 48 48 85 c9 74 06 ff 15 18
0x000007fefd6fbd5d:   e3 03 00 48 85 db 74 08 48 8b cb e8 f3 57 ff ff
0x000007fefd6fbd6d:   85 ff 0f 88 c1 b3 01 00 b8 01 00 00 00 48 8b 8c
0x000007fefd6fbd7d:   24 e8 00 00 00 48 33 cc e8 e6 55 ff ff 48 8b 9c
0x000007fefd6fbd8d:   24 38 01 00 00 48 81 c4 f0 00 00 00 41 5d 41 5c
0x000007fefd6fbd9d:   5f 5e 5d c3 90 90 90 90 90 90 90 90 90 90 90 90
0x000007fefd6fbdad:   90 90 90 48 81 ec c8 00 00 00 83 e2 01 48 8d 05
0x000007fefd6fbdbd:   ef ff ff ff 89 4c 24 20 33 c9 48 89 44 24 30 89
0x000007fefd6fbdcd:   54 24 24 48 89 4c 24 28 4d 85 c9 0f 85 6a 03 00
0x000007fefd6fbddd:   00 89 4c 24 38 48 8d 4c 24 20 ff 15 b3 e4 03 00
0x000007fefd6fbded:   48 81 c4 c8 00 00 00 c3 90 90 90 90 90 90 90 90
0x000007fefd6fbdfd:   90 90 90 48 83 ec 28 65 48 8b 04 25 30 00 00 00
0x000007fefd6fbe0d:   4c 8b c1 33 d2 48 8b 48 60 48 8b 49 30 ff 15 28
0x000007fefd6fbe1d:   e2 03 00 0f b6 c0 48 83 c4 28 c3 90 90 90 90 90
0x000007fefd6fbe2d:   90 90 90 48 89 5c 24 08 48 89 74 24 10 57 48 83
0x000007fefd6fbe3d:   ec 20 65 48 8b 04 25 30 00 00 00 48 8b 48 60 48
0x000007fefd6fbe4d:   8b 79 20 ff 15 ea e3 03 00 48 8b 9f 80 00 00 00
0x000007fefd6fbe5d:   48 8b f3 48 83 c9 ff 33 c0 48 8b fb 66 f2 af 48
0x000007fefd6fbe6d:   f7 d1 48 8d 1c 4b 66 39 03 75 e8 65 48 8b 0c 25
0x000007fefd6fbe7d:   30 00 00 00 8b 15 d1 39 05 00 48 2b de 48 8b 49
0x000007fefd6fbe8d:   60 4c 8d 43 02 81 c2 00 00 18 00 48 8b 49 30 ff
0x000007fefd6fbe9d:   15 9e e1 03 00 48 85 c0 0f 84 cb 2a 01 00 4c 8d
0x000007fefd6fbead:   43 02 48 8b d6 48 8b c8 48 8b f8 e8 a3 53 ff ff
0x000007fefd6fbebd:   ff 15 8d e3 03 00 48 8b c7 48 8b 5c 24 30 48 8b
0x000007fefd6fbecd:   74 24 38 48 83 c4 20 5f c3 90 90 90 90 90 90 90
0x000007fefd6fbedd:   90 90 90 ff f3 48 83 ec 60 48 8b da 4c 8d 44 24 


Stack slot to memory mapping:
stack at sp + 0 slots: 0x0000000000007c7a is an unknown value
stack at sp + 1 slots: 0x000007fefb0e5038 jimage.dll
stack at sp + 2 slots: 0x00000000063d92a3 points into unknown readable memory: fa fa fe ca b7
stack at sp + 3 slots: 0x00000000001f0000 is a thread
stack at sp + 4 slots: 0x00000001e06d7363 is an unknown value
stack at sp + 5 slots: 0x0 is NULL
stack at sp + 6 slots: 0x000007fefd6fbded KERNELBASE.dll
stack at sp + 7 slots: 0x000007fe00000004 is an unknown value


---------------  P R O C E S S  ---------------

Threads class SMR info:
_java_thread_list=0x000000005e8d6800, length=10, elements={
0x00000000001f0000, 0x000000005d952000, 0x000000005d954000, 0x000000005d972000,
0x000000005d975000, 0x000000005d977000, 0x000000005d981800, 0x000000005d983800,
0x000000005d98d000, 0x000000005e8d8000
}

Java Threads: ( => current thread )
=>0x00000000001f0000 JavaThread "main" [_thread_in_vm, id=5292, stack(0x00000000022b0000,0x00000000023b0000)]
  0x000000005d952000 JavaThread "Reference Handler" daemon [_thread_blocked, id=6724, stack(0x000000005da30000,0x000000005db30000)]
  0x000000005d954000 JavaThread "Finalizer" daemon [_thread_blocked, id=1176, stack(0x000000005de10000,0x000000005df10000)]
  0x000000005d972000 JavaThread "Signal Dispatcher" daemon [_thread_blocked, id=2996, stack(0x000000005dc90000,0x000000005dd90000)]
  0x000000005d975000 JavaThread "Attach Listener" daemon [_thread_blocked, id=7184, stack(0x000000005dfa0000,0x000000005e0a0000)]
  0x000000005d977000 JavaThread "Service Thread" daemon [_thread_blocked, id=4188, stack(0x000000005e1a0000,0x000000005e2a0000)]
  0x000000005d981800 JavaThread "C2 CompilerThread0" daemon [_thread_blocked, id=7900, stack(0x000000005e480000,0x000000005e580000)]
  0x000000005d983800 JavaThread "C1 CompilerThread0" daemon [_thread_blocked, id=7016, stack(0x000000005e350000,0x000000005e450000)]
  0x000000005d98d000 JavaThread "Sweeper thread" daemon [_thread_blocked, id=4328, stack(0x000000005e710000,0x000000005e810000)]
  0x000000005e8d8000 JavaThread "Common-Cleaner" daemon [_thread_blocked, id=6516, stack(0x000000005e600000,0x000000005e700000)]

Other Threads:
  0x000000005d90e800 VMThread "VM Thread" [stack: 0x000000005db70000,0x000000005dc70000] [id=7132]
  0x000000005e8d0000 WatcherThread [stack: 0x000000005ec90000,0x000000005ed90000] [id=7948]
  0x0000000000208000 GCTaskThread "GC Thread#0" [stack: 0x00000000155c0000,0x00000000156c0000] [id=4192]
  0x0000000000239000 ConcurrentGCThread "G1 Main Marker" [stack: 0x000000001a600000,0x000000001a700000] [id=7628]
  0x000000000023a000 ConcurrentGCThread "G1 Conc#0" [stack: 0x000000001a780000,0x000000001a880000] [id=7020]
  0x000000001cd18800 ConcurrentGCThread "G1 Refine#0" [stack: 0x000000001cf20000,0x000000001d020000] [id=4460]
  0x000000001cd19000 ConcurrentGCThread "G1 Young RemSet Sampling" [stack: 0x000000001ce00000,0x000000001cf00000] [id=2512]

Threads with active compile tasks:

VM state:not at safepoint (normal execution)

VM Mutex/Monitor currently owned by a thread: None

Heap address: 0x0000000080c00000, size: 2036 MB, Compressed Oops mode: 32-bit
Narrow klass base: 0x0000000000000000, Narrow klass shift: 0
Compressed class space size: 1073741824 Address: 0x000000001d020000

Heap:
 garbage-first heap   total 131072K, used 1024K [0x0000000080c00000, 0x0000000100000000)
  region size 1024K, 2 young (2048K), 0 survivors (0K)
 Metaspace       used 4986K, capacity 5032K, committed 5120K, reserved 1056768K
  class space    used 448K, capacity 460K, committed 512K, reserved 1048576K
Heap Regions: E=young(eden), S=young(survivor), O=old, HS=humongous(starts), HC=humongous(continues), CS=collection set, F=free, A=archive, TAMS=top-at-mark-start (previous, next)
|   0|0x0000000080c00000, 0x0000000080c00000, 0x0000000080d00000|  0%| F|  |TAMS 0x0000000080c00000, 0x0000000080c00000| Untracked 
|   1|0x0000000080d00000, 0x0000000080d00000, 0x0000000080e00000|  0%| F|  |TAMS 0x0000000080d00000, 0x0000000080d00000| Untracked 
|   2|0x0000000080e00000, 0x0000000080e00000, 0x0000000080f00000|  0%| F|  |TAMS 0x0000000080e00000, 0x0000000080e00000| Untracked 
|   3|0x0000000080f00000, 0x0000000080f00000, 0x0000000081000000|  0%| F|  |TAMS 0x0000000080f00000, 0x0000000080f00000| Untracked 
|   4|0x0000000081000000, 0x0000000081000000, 0x0000000081100000|  0%| F|  |TAMS 0x0000000081000000, 0x0000000081000000| Untracked 
|   5|0x0000000081100000, 0x0000000081100000, 0x0000000081200000|  0%| F|  |TAMS 0x0000000081100000, 0x0000000081100000| Untracked 
|   6|0x0000000081200000, 0x0000000081200000, 0x0000000081300000|  0%| F|  |TAMS 0x0000000081200000, 0x0000000081200000| Untracked 
|   7|0x0000000081300000, 0x0000000081300000, 0x0000000081400000|  0%| F|  |TAMS 0x0000000081300000, 0x0000000081300000| Untracked 
|   8|0x0000000081400000, 0x0000000081400000, 0x0000000081500000|  0%| F|  |TAMS 0x0000000081400000, 0x0000000081400000| Untracked 
|   9|0x0000000081500000, 0x0000000081500000, 0x0000000081600000|  0%| F|  |TAMS 0x0000000081500000, 0x0000000081500000| Untracked 
|  10|0x0000000081600000, 0x0000000081600000, 0x0000000081700000|  0%| F|  |TAMS 0x0000000081600000, 0x0000000081600000| Untracked 
|  11|0x0000000081700000, 0x0000000081700000, 0x0000000081800000|  0%| F|  |TAMS 0x0000000081700000, 0x0000000081700000| Untracked 
|  12|0x0000000081800000, 0x0000000081800000, 0x0000000081900000|  0%| F|  |TAMS 0x0000000081800000, 0x0000000081800000| Untracked 
|  13|0x0000000081900000, 0x0000000081900000, 0x0000000081a00000|  0%| F|  |TAMS 0x0000000081900000, 0x0000000081900000| Untracked 
|  14|0x0000000081a00000, 0x0000000081a00000, 0x0000000081b00000|  0%| F|  |TAMS 0x0000000081a00000, 0x0000000081a00000| Untracked 
|  15|0x0000000081b00000, 0x0000000081b00000, 0x0000000081c00000|  0%| F|  |TAMS 0x0000000081b00000, 0x0000000081b00000| Untracked 
|  16|0x0000000081c00000, 0x0000000081c00000, 0x0000000081d00000|  0%| F|  |TAMS 0x0000000081c00000, 0x0000000081c00000| Untracked 
|  17|0x0000000081d00000, 0x0000000081d00000, 0x0000000081e00000|  0%| F|  |TAMS 0x0000000081d00000, 0x0000000081d00000| Untracked 
|  18|0x0000000081e00000, 0x0000000081e00000, 0x0000000081f00000|  0%| F|  |TAMS 0x0000000081e00000, 0x0000000081e00000| Untracked 
|  19|0x0000000081f00000, 0x0000000081f00000, 0x0000000082000000|  0%| F|  |TAMS 0x0000000081f00000, 0x0000000081f00000| Untracked 
|  20|0x0000000082000000, 0x0000000082000000, 0x0000000082100000|  0%| F|  |TAMS 0x0000000082000000, 0x0000000082000000| Untracked 
|  21|0x0000000082100000, 0x0000000082100000, 0x0000000082200000|  0%| F|  |TAMS 0x0000000082100000, 0x0000000082100000| Untracked 
|  22|0x0000000082200000, 0x0000000082200000, 0x0000000082300000|  0%| F|  |TAMS 0x0000000082200000, 0x0000000082200000| Untracked 
|  23|0x0000000082300000, 0x0000000082300000, 0x0000000082400000|  0%| F|  |TAMS 0x0000000082300000, 0x0000000082300000| Untracked 
|  24|0x0000000082400000, 0x0000000082400000, 0x0000000082500000|  0%| F|  |TAMS 0x0000000082400000, 0x0000000082400000| Untracked 
|  25|0x0000000082500000, 0x0000000082500000, 0x0000000082600000|  0%| F|  |TAMS 0x0000000082500000, 0x0000000082500000| Untracked 
|  26|0x0000000082600000, 0x0000000082600000, 0x0000000082700000|  0%| F|  |TAMS 0x0000000082600000, 0x0000000082600000| Untracked 
|  27|0x0000000082700000, 0x0000000082700000, 0x0000000082800000|  0%| F|  |TAMS 0x0000000082700000, 0x0000000082700000| Untracked 
|  28|0x0000000082800000, 0x0000000082800000, 0x0000000082900000|  0%| F|  |TAMS 0x0000000082800000, 0x0000000082800000| Untracked 
|  29|0x0000000082900000, 0x0000000082900000, 0x0000000082a00000|  0%| F|  |TAMS 0x0000000082900000, 0x0000000082900000| Untracked 
|  30|0x0000000082a00000, 0x0000000082a00000, 0x0000000082b00000|  0%| F|  |TAMS 0x0000000082a00000, 0x0000000082a00000| Untracked 
|  31|0x0000000082b00000, 0x0000000082b00000, 0x0000000082c00000|  0%| F|  |TAMS 0x0000000082b00000, 0x0000000082b00000| Untracked 
|  32|0x0000000082c00000, 0x0000000082c00000, 0x0000000082d00000|  0%| F|  |TAMS 0x0000000082c00000, 0x0000000082c00000| Untracked 
|  33|0x0000000082d00000, 0x0000000082d00000, 0x0000000082e00000|  0%| F|  |TAMS 0x0000000082d00000, 0x0000000082d00000| Untracked 
|  34|0x0000000082e00000, 0x0000000082e00000, 0x0000000082f00000|  0%| F|  |TAMS 0x0000000082e00000, 0x0000000082e00000| Untracked 
|  35|0x0000000082f00000, 0x0000000082f00000, 0x0000000083000000|  0%| F|  |TAMS 0x0000000082f00000, 0x0000000082f00000| Untracked 
|  36|0x0000000083000000, 0x0000000083000000, 0x0000000083100000|  0%| F|  |TAMS 0x0000000083000000, 0x0000000083000000| Untracked 
|  37|0x0000000083100000, 0x0000000083100000, 0x0000000083200000|  0%| F|  |TAMS 0x0000000083100000, 0x0000000083100000| Untracked 
|  38|0x0000000083200000, 0x0000000083200000, 0x0000000083300000|  0%| F|  |TAMS 0x0000000083200000, 0x0000000083200000| Untracked 
|  39|0x0000000083300000, 0x0000000083300000, 0x0000000083400000|  0%| F|  |TAMS 0x0000000083300000, 0x0000000083300000| Untracked 
|  40|0x0000000083400000, 0x0000000083400000, 0x0000000083500000|  0%| F|  |TAMS 0x0000000083400000, 0x0000000083400000| Untracked 
|  41|0x0000000083500000, 0x0000000083500000, 0x0000000083600000|  0%| F|  |TAMS 0x0000000083500000, 0x0000000083500000| Untracked 
|  42|0x0000000083600000, 0x0000000083600000, 0x0000000083700000|  0%| F|  |TAMS 0x0000000083600000, 0x0000000083600000| Untracked 
|  43|0x0000000083700000, 0x0000000083700000, 0x0000000083800000|  0%| F|  |TAMS 0x0000000083700000, 0x0000000083700000| Untracked 
|  44|0x0000000083800000, 0x0000000083800000, 0x0000000083900000|  0%| F|  |TAMS 0x0000000083800000, 0x0000000083800000| Untracked 
|  45|0x0000000083900000, 0x0000000083900000, 0x0000000083a00000|  0%| F|  |TAMS 0x0000000083900000, 0x0000000083900000| Untracked 
|  46|0x0000000083a00000, 0x0000000083a00000, 0x0000000083b00000|  0%| F|  |TAMS 0x0000000083a00000, 0x0000000083a00000| Untracked 
|  47|0x0000000083b00000, 0x0000000083b00000, 0x0000000083c00000|  0%| F|  |TAMS 0x0000000083b00000, 0x0000000083b00000| Untracked 
|  48|0x0000000083c00000, 0x0000000083c00000, 0x0000000083d00000|  0%| F|  |TAMS 0x0000000083c00000, 0x0000000083c00000| Untracked 
|  49|0x0000000083d00000, 0x0000000083d00000, 0x0000000083e00000|  0%| F|  |TAMS 0x0000000083d00000, 0x0000000083d00000| Untracked 
|  50|0x0000000083e00000, 0x0000000083e00000, 0x0000000083f00000|  0%| F|  |TAMS 0x0000000083e00000, 0x0000000083e00000| Untracked 
|  51|0x0000000083f00000, 0x0000000083f00000, 0x0000000084000000|  0%| F|  |TAMS 0x0000000083f00000, 0x0000000083f00000| Untracked 
|  52|0x0000000084000000, 0x0000000084000000, 0x0000000084100000|  0%| F|  |TAMS 0x0000000084000000, 0x0000000084000000| Untracked 
|  53|0x0000000084100000, 0x0000000084100000, 0x0000000084200000|  0%| F|  |TAMS 0x0000000084100000, 0x0000000084100000| Untracked 
|  54|0x0000000084200000, 0x0000000084200000, 0x0000000084300000|  0%| F|  |TAMS 0x0000000084200000, 0x0000000084200000| Untracked 
|  55|0x0000000084300000, 0x0000000084300000, 0x0000000084400000|  0%| F|  |TAMS 0x0000000084300000, 0x0000000084300000| Untracked 
|  56|0x0000000084400000, 0x0000000084400000, 0x0000000084500000|  0%| F|  |TAMS 0x0000000084400000, 0x0000000084400000| Untracked 
|  57|0x0000000084500000, 0x0000000084500000, 0x0000000084600000|  0%| F|  |TAMS 0x0000000084500000, 0x0000000084500000| Untracked 
|  58|0x0000000084600000, 0x0000000084600000, 0x0000000084700000|  0%| F|  |TAMS 0x0000000084600000, 0x0000000084600000| Untracked 
|  59|0x0000000084700000, 0x0000000084700000, 0x0000000084800000|  0%| F|  |TAMS 0x0000000084700000, 0x0000000084700000| Untracked 
|  60|0x0000000084800000, 0x0000000084800000, 0x0000000084900000|  0%| F|  |TAMS 0x0000000084800000, 0x0000000084800000| Untracked 
|  61|0x0000000084900000, 0x0000000084900000, 0x0000000084a00000|  0%| F|  |TAMS 0x0000000084900000, 0x0000000084900000| Untracked 
|  62|0x0000000084a00000, 0x0000000084a00000, 0x0000000084b00000|  0%| F|  |TAMS 0x0000000084a00000, 0x0000000084a00000| Untracked 
|  63|0x0000000084b00000, 0x0000000084b00000, 0x0000000084c00000|  0%| F|  |TAMS 0x0000000084b00000, 0x0000000084b00000| Untracked 
|  64|0x0000000084c00000, 0x0000000084c00000, 0x0000000084d00000|  0%| F|  |TAMS 0x0000000084c00000, 0x0000000084c00000| Untracked 
|  65|0x0000000084d00000, 0x0000000084d00000, 0x0000000084e00000|  0%| F|  |TAMS 0x0000000084d00000, 0x0000000084d00000| Untracked 
|  66|0x0000000084e00000, 0x0000000084e00000, 0x0000000084f00000|  0%| F|  |TAMS 0x0000000084e00000, 0x0000000084e00000| Untracked 
|  67|0x0000000084f00000, 0x0000000084f00000, 0x0000000085000000|  0%| F|  |TAMS 0x0000000084f00000, 0x0000000084f00000| Untracked 
|  68|0x0000000085000000, 0x0000000085000000, 0x0000000085100000|  0%| F|  |TAMS 0x0000000085000000, 0x0000000085000000| Untracked 
|  69|0x0000000085100000, 0x0000000085100000, 0x0000000085200000|  0%| F|  |TAMS 0x0000000085100000, 0x0000000085100000| Untracked 
|  70|0x0000000085200000, 0x0000000085200000, 0x0000000085300000|  0%| F|  |TAMS 0x0000000085200000, 0x0000000085200000| Untracked 
|  71|0x0000000085300000, 0x0000000085300000, 0x0000000085400000|  0%| F|  |TAMS 0x0000000085300000, 0x0000000085300000| Untracked 
|  72|0x0000000085400000, 0x0000000085400000, 0x0000000085500000|  0%| F|  |TAMS 0x0000000085400000, 0x0000000085400000| Untracked 
|  73|0x0000000085500000, 0x0000000085500000, 0x0000000085600000|  0%| F|  |TAMS 0x0000000085500000, 0x0000000085500000| Untracked 
|  74|0x0000000085600000, 0x0000000085600000, 0x0000000085700000|  0%| F|  |TAMS 0x0000000085600000, 0x0000000085600000| Untracked 
|  75|0x0000000085700000, 0x0000000085700000, 0x0000000085800000|  0%| F|  |TAMS 0x0000000085700000, 0x0000000085700000| Untracked 
|  76|0x0000000085800000, 0x0000000085800000, 0x0000000085900000|  0%| F|  |TAMS 0x0000000085800000, 0x0000000085800000| Untracked 
|  77|0x0000000085900000, 0x0000000085900000, 0x0000000085a00000|  0%| F|  |TAMS 0x0000000085900000, 0x0000000085900000| Untracked 
|  78|0x0000000085a00000, 0x0000000085a00000, 0x0000000085b00000|  0%| F|  |TAMS 0x0000000085a00000, 0x0000000085a00000| Untracked 
|  79|0x0000000085b00000, 0x0000000085b00000, 0x0000000085c00000|  0%| F|  |TAMS 0x0000000085b00000, 0x0000000085b00000| Untracked 
|  80|0x0000000085c00000, 0x0000000085c00000, 0x0000000085d00000|  0%| F|  |TAMS 0x0000000085c00000, 0x0000000085c00000| Untracked 
|  81|0x0000000085d00000, 0x0000000085d00000, 0x0000000085e00000|  0%| F|  |TAMS 0x0000000085d00000, 0x0000000085d00000| Untracked 
|  82|0x0000000085e00000, 0x0000000085e00000, 0x0000000085f00000|  0%| F|  |TAMS 0x0000000085e00000, 0x0000000085e00000| Untracked 
|  83|0x0000000085f00000, 0x0000000085f00000, 0x0000000086000000|  0%| F|  |TAMS 0x0000000085f00000, 0x0000000085f00000| Untracked 
|  84|0x0000000086000000, 0x0000000086000000, 0x0000000086100000|  0%| F|  |TAMS 0x0000000086000000, 0x0000000086000000| Untracked 
|  85|0x0000000086100000, 0x0000000086100000, 0x0000000086200000|  0%| F|  |TAMS 0x0000000086100000, 0x0000000086100000| Untracked 
|  86|0x0000000086200000, 0x0000000086200000, 0x0000000086300000|  0%| F|  |TAMS 0x0000000086200000, 0x0000000086200000| Untracked 
|  87|0x0000000086300000, 0x0000000086300000, 0x0000000086400000|  0%| F|  |TAMS 0x0000000086300000, 0x0000000086300000| Untracked 
|  88|0x0000000086400000, 0x0000000086400000, 0x0000000086500000|  0%| F|  |TAMS 0x0000000086400000, 0x0000000086400000| Untracked 
|  89|0x0000000086500000, 0x0000000086500000, 0x0000000086600000|  0%| F|  |TAMS 0x0000000086500000, 0x0000000086500000| Untracked 
|  90|0x0000000086600000, 0x0000000086600000, 0x0000000086700000|  0%| F|  |TAMS 0x0000000086600000, 0x0000000086600000| Untracked 
|  91|0x0000000086700000, 0x0000000086700000, 0x0000000086800000|  0%| F|  |TAMS 0x0000000086700000, 0x0000000086700000| Untracked 
|  92|0x0000000086800000, 0x0000000086800000, 0x0000000086900000|  0%| F|  |TAMS 0x0000000086800000, 0x0000000086800000| Untracked 
|  93|0x0000000086900000, 0x0000000086900000, 0x0000000086a00000|  0%| F|  |TAMS 0x0000000086900000, 0x0000000086900000| Untracked 
|  94|0x0000000086a00000, 0x0000000086a00000, 0x0000000086b00000|  0%| F|  |TAMS 0x0000000086a00000, 0x0000000086a00000| Untracked 
|  95|0x0000000086b00000, 0x0000000086b00000, 0x0000000086c00000|  0%| F|  |TAMS 0x0000000086b00000, 0x0000000086b00000| Untracked 
|  96|0x0000000086c00000, 0x0000000086c00000, 0x0000000086d00000|  0%| F|  |TAMS 0x0000000086c00000, 0x0000000086c00000| Untracked 
|  97|0x0000000086d00000, 0x0000000086d00000, 0x0000000086e00000|  0%| F|  |TAMS 0x0000000086d00000, 0x0000000086d00000| Untracked 
|  98|0x0000000086e00000, 0x0000000086e00000, 0x0000000086f00000|  0%| F|  |TAMS 0x0000000086e00000, 0x0000000086e00000| Untracked 
|  99|0x0000000086f00000, 0x0000000086f00000, 0x0000000087000000|  0%| F|  |TAMS 0x0000000086f00000, 0x0000000086f00000| Untracked 
| 100|0x0000000087000000, 0x0000000087000000, 0x0000000087100000|  0%| F|  |TAMS 0x0000000087000000, 0x0000000087000000| Untracked 
| 101|0x0000000087100000, 0x0000000087100000, 0x0000000087200000|  0%| F|  |TAMS 0x0000000087100000, 0x0000000087100000| Untracked 
| 102|0x0000000087200000, 0x0000000087200000, 0x0000000087300000|  0%| F|  |TAMS 0x0000000087200000, 0x0000000087200000| Untracked 
| 103|0x0000000087300000, 0x0000000087300000, 0x0000000087400000|  0%| F|  |TAMS 0x0000000087300000, 0x0000000087300000| Untracked 
| 104|0x0000000087400000, 0x0000000087400000, 0x0000000087500000|  0%| F|  |TAMS 0x0000000087400000, 0x0000000087400000| Untracked 
| 105|0x0000000087500000, 0x0000000087500000, 0x0000000087600000|  0%| F|  |TAMS 0x0000000087500000, 0x0000000087500000| Untracked 
| 106|0x0000000087600000, 0x0000000087600000, 0x0000000087700000|  0%| F|  |TAMS 0x0000000087600000, 0x0000000087600000| Untracked 
| 107|0x0000000087700000, 0x0000000087700000, 0x0000000087800000|  0%| F|  |TAMS 0x0000000087700000, 0x0000000087700000| Untracked 
| 108|0x0000000087800000, 0x0000000087800000, 0x0000000087900000|  0%| F|  |TAMS 0x0000000087800000, 0x0000000087800000| Untracked 
| 109|0x0000000087900000, 0x0000000087900000, 0x0000000087a00000|  0%| F|  |TAMS 0x0000000087900000, 0x0000000087900000| Untracked 
| 110|0x0000000087a00000, 0x0000000087a00000, 0x0000000087b00000|  0%| F|  |TAMS 0x0000000087a00000, 0x0000000087a00000| Untracked 
| 111|0x0000000087b00000, 0x0000000087b00000, 0x0000000087c00000|  0%| F|  |TAMS 0x0000000087b00000, 0x0000000087b00000| Untracked 
| 112|0x0000000087c00000, 0x0000000087c00000, 0x0000000087d00000|  0%| F|  |TAMS 0x0000000087c00000, 0x0000000087c00000| Untracked 
| 113|0x0000000087d00000, 0x0000000087d00000, 0x0000000087e00000|  0%| F|  |TAMS 0x0000000087d00000, 0x0000000087d00000| Untracked 
| 114|0x0000000087e00000, 0x0000000087e00000, 0x0000000087f00000|  0%| F|  |TAMS 0x0000000087e00000, 0x0000000087e00000| Untracked 
| 115|0x0000000087f00000, 0x0000000087f00000, 0x0000000088000000|  0%| F|  |TAMS 0x0000000087f00000, 0x0000000087f00000| Untracked 
| 116|0x0000000088000000, 0x0000000088000000, 0x0000000088100000|  0%| F|  |TAMS 0x0000000088000000, 0x0000000088000000| Untracked 
| 117|0x0000000088100000, 0x0000000088100000, 0x0000000088200000|  0%| F|  |TAMS 0x0000000088100000, 0x0000000088100000| Untracked 
| 118|0x0000000088200000, 0x0000000088200000, 0x0000000088300000|  0%| F|  |TAMS 0x0000000088200000, 0x0000000088200000| Untracked 
| 119|0x0000000088300000, 0x0000000088300000, 0x0000000088400000|  0%| F|  |TAMS 0x0000000088300000, 0x0000000088300000| Untracked 
| 120|0x0000000088400000, 0x0000000088400000, 0x0000000088500000|  0%| F|  |TAMS 0x0000000088400000, 0x0000000088400000| Untracked 
| 121|0x0000000088500000, 0x0000000088500000, 0x0000000088600000|  0%| F|  |TAMS 0x0000000088500000, 0x0000000088500000| Untracked 
| 122|0x0000000088600000, 0x0000000088600000, 0x0000000088700000|  0%| F|  |TAMS 0x0000000088600000, 0x0000000088600000| Untracked 
| 123|0x0000000088700000, 0x0000000088700000, 0x0000000088800000|  0%| F|  |TAMS 0x0000000088700000, 0x0000000088700000| Untracked 
| 124|0x0000000088800000, 0x0000000088800000, 0x0000000088900000|  0%| F|  |TAMS 0x0000000088800000, 0x0000000088800000| Untracked 
| 125|0x0000000088900000, 0x0000000088900000, 0x0000000088a00000|  0%| F|  |TAMS 0x0000000088900000, 0x0000000088900000| Untracked 
| 126|0x0000000088a00000, 0x0000000088a48300, 0x0000000088b00000| 28%| E|  |TAMS 0x0000000088a00000, 0x0000000088a00000| Complete 
| 127|0x0000000088b00000, 0x0000000088c00000, 0x0000000088c00000|100%| E|CS|TAMS 0x0000000088b00000, 0x0000000088b00000| Complete 

Card table byte_map: [0x0000000015df0000,0x00000000161f0000] _byte_map_base: 0x00000000159ea000

Marking Bits (Prev, Next): (CMBitMap*) 0x0000000000230278, (CMBitMap*) 0x00000000002302b0
 Prev Bits: [0x00000000165f0000, 0x00000000185c0000)
 Next Bits: [0x00000000185c0000, 0x000000001a590000)

Polling page: 0x0000000000430000

Metaspace:

Usage:
  Non-class:      4.46 MB capacity,     4.43 MB (>99%) used,    32.89 KB ( <1%) free+waste,   960 bytes ( <1%) overhead. 
      Class:    460.00 KB capacity,   448.25 KB ( 97%) used,    11.19 KB (  2%) free+waste,   576 bytes ( <1%) overhead. 
       Both:      4.91 MB capacity,     4.87 MB (>99%) used,    44.08 KB ( <1%) free+waste,     1.50 KB ( <1%) overhead. 

Virtual space:
  Non-class space:        8.00 MB reserved,       4.50 MB ( 56%) committed 
      Class space:        1.00 GB reserved,     512.00 KB ( <1%) committed 
             Both:        1.01 GB reserved,       5.00 MB ( <1%) committed 

Chunk freelists:
   Non-Class:  36.00 KB
       Class:  20.00 KB
        Both:  56.00 KB

MaxMetaspaceSize: 17179869184.00 GB
CompressedClassSpaceSize: 1.00 GB

CodeHeap 'non-profiled nmethods': size=120064Kb used=18Kb max_used=18Kb free=120045Kb
 bounds [0x000000000dec0000, 0x000000000e130000, 0x0000000015400000]
CodeHeap 'profiled nmethods': size=120000Kb used=151Kb max_used=151Kb free=119848Kb
 bounds [0x0000000006990000, 0x0000000006c00000, 0x000000000dec0000]
CodeHeap 'non-nmethods': size=5696Kb used=1018Kb max_used=1029Kb free=4677Kb
 bounds [0x0000000006400000, 0x0000000006670000, 0x0000000006990000]
 total_blobs=397 nmethods=104 adapters=206
 compilation: enabled
              stopped_count=0, restarted_count=0
 full_count=0

Compilation events (20 events):
Event: 0.171 Thread 0x000000005d983800   95   !   3       java.util.zip.ZipFile$Source::checkUTF8 (43 bytes)
Event: 0.172 Thread 0x000000005d983800 nmethod 95 0x00000000069b0990 code [0x00000000069b0b80, 0x00000000069b0fd8]
Event: 0.174 Thread 0x000000005d983800   96       3       java.util.Arrays::copyOfRange (63 bytes)
Event: 0.175 Thread 0x000000005d983800 nmethod 96 0x00000000069b1210 code [0x00000000069b14a0, 0x00000000069b1fb8]
Event: 0.175 Thread 0x000000005d983800   97       3       java.lang.String::<init> (15 bytes)
Event: 0.175 Thread 0x000000005d983800 nmethod 97 0x00000000069b2410 code [0x00000000069b25c0, 0x00000000069b2778]
Event: 0.176 Thread 0x000000005d983800   98       3       java.lang.Character::toUpperCase (6 bytes)
Event: 0.176 Thread 0x000000005d983800 nmethod 98 0x00000000069b2810 code [0x00000000069b29e0, 0x00000000069b2c18]
Event: 0.176 Thread 0x000000005d983800   99       3       java.lang.Character::toUpperCase (9 bytes)
Event: 0.176 Thread 0x000000005d983800 nmethod 99 0x00000000069b2d10 code [0x00000000069b2ee0, 0x00000000069b30b8]
Event: 0.176 Thread 0x000000005d983800  100       3       java.lang.CharacterDataLatin1::toUpperCase (53 bytes)
Event: 0.176 Thread 0x000000005d981800  102       4       java.lang.CharacterDataLatin1::getProperties (11 bytes)
Event: 0.176 Thread 0x000000005d983800 nmethod 100 0x00000000069b3190 code [0x00000000069b3360, 0x00000000069b35f8]
Event: 0.176 Thread 0x000000005d983800  101       3       java.util.TreeMap::parentOf (13 bytes)
Event: 0.177 Thread 0x000000005d983800 nmethod 101 0x00000000069b3710 code [0x00000000069b38c0, 0x00000000069b3a18]
Event: 0.177 Thread 0x000000005d983800  104       3       java.lang.ProcessEnvironment$NameComparator::compare (90 bytes)
Event: 0.177 Thread 0x000000005d981800 nmethod 102 0x000000000dec4790 code [0x000000000dec4920, 0x000000000dec4998]
Event: 0.178 Thread 0x000000005d983800 nmethod 104 0x00000000069b3b10 code [0x00000000069b3e40, 0x00000000069b5038]
Event: 0.178 Thread 0x000000005d983800  103       3       java.lang.ProcessEnvironment$NameComparator::compare (13 bytes)
Event: 0.178 Thread 0x000000005d983800 nmethod 103 0x00000000069b5890 code [0x00000000069b5a60, 0x00000000069b5d48]

GC Heap History (0 events):
No events

Deoptimization events (4 events):
Event: 0.127 Thread 0x00000000001f0000 Uncommon trap: trap_request=0xffffff4d fr.pc=0x000000000dec3684 relative=0x0000000000000164
Event: 0.127 Thread 0x00000000001f0000 Uncommon trap: reason=unstable_if action=reinterpret pc=0x000000000dec3684 method=java.lang.String.hashCode()I @ 14 c2
Event: 0.127 Thread 0x00000000001f0000 DEOPT PACKING pc=0x000000000dec3684 sp=0x00000000023adad0
Event: 0.127 Thread 0x00000000001f0000 DEOPT UNPACKING pc=0x000000000642722f sp=0x00000000023ada68 mode 2

Classes redefined (0 events):
No events

Internal exceptions (0 events):
No events

Events (20 events):
Event: 0.175 loading class java/util/NavigableMap
Event: 0.175 loading class java/util/SortedMap
Event: 0.175 loading class java/util/SortedMap done
Event: 0.175 loading class java/util/NavigableMap done
Event: 0.175 loading class java/util/TreeMap done
Event: 0.175 loading class java/lang/ProcessEnvironment$CheckedEntrySet
Event: 0.176 loading class java/lang/ProcessEnvironment$CheckedEntrySet done
Event: 0.176 loading class java/lang/ProcessEnvironment$CheckedEntrySet$1
Event: 0.176 loading class java/lang/ProcessEnvironment$CheckedEntrySet$1 done
Event: 0.176 loading class java/lang/ProcessEnvironment$CheckedEntry
Event: 0.176 loading class java/lang/ProcessEnvironment$CheckedEntry done
Event: 0.176 loading class java/util/TreeMap$Entry
Event: 0.176 loading class java/util/TreeMap$Entry done
Event: 0.177 loading class org/jetbrains/git4idea/nativessh/GitNativeSshAskPassXmlRpcHandler
Event: 0.177 loading class org/jetbrains/git4idea/nativessh/GitNativeSshAskPassXmlRpcHandler done
Event: 0.177 loading class java/lang/invoke/StringConcatFactory
Event: 0.177 loading class java/lang/invoke/StringConcatFactory done
Event: 0.178 loading class java/lang/invoke/LambdaForm$NamedFunction
Event: 0.178 loading class java/lang/invoke/LambdaForm$NamedFunction done
Event: 0.178 loading class java/lang/invoke/DirectMethodHandle$Holder


Dynamic libraries:
0x000000013f100000 - 0x000000013f10a000 	C:\Program Files\JetBrains\PhpStorm 2021.1.1\jbr\bin\java.exe
0x0000000077810000 - 0x00000000779af000 	C:\Windows\SYSTEM32\ntdll.dll
0x00000000776f0000 - 0x000000007780f000 	C:\Windows\system32\kernel32.dll
0x000007fefd6f0000 - 0x000007fefd75a000 	C:\Windows\system32\KERNELBASE.dll
0x000007fedee50000 - 0x000007fedee69000 	C:\Program Files\JetBrains\PhpStorm 2021.1.1\jbr\bin\jli.dll
0x000007fefb790000 - 0x000007fefb984000 	C:\Windows\WinSxS\amd64_microsoft.windows.common-controls_6595b64144ccf1df_6.0.7601.23403_none_e36ad4593102f066\COMCTL32.dll
0x000007fefeb60000 - 0x000007fefebff000 	C:\Windows\system32\msvcrt.dll
0x000007fefed00000 - 0x000007fefed67000 	C:\Windows\system32\GDI32.dll
0x00000000775f0000 - 0x00000000776ea000 	C:\Windows\system32\USER32.dll
0x000007fefeb50000 - 0x000007fefeb5e000 	C:\Windows\system32\LPK.dll
0x000007fefdb70000 - 0x000007fefdc3b000 	C:\Windows\system32\USP10.dll
0x000007fefdd60000 - 0x000007fefddd1000 	C:\Windows\system32\SHLWAPI.dll
0x000007fedee30000 - 0x000007fedee47000 	C:\Program Files\JetBrains\PhpStorm 2021.1.1\jbr\bin\VCRUNTIME140.dll
0x000007fee9a30000 - 0x000007fee9a34000 	C:\Windows\system32\api-ms-win-crt-runtime-l1-1-0.dll
0x000007fee9800000 - 0x000007fee98f5000 	C:\Windows\system32\ucrtbase.DLL
0x000007fee97f0000 - 0x000007fee97f3000 	C:\Windows\system32\api-ms-win-core-timezone-l1-1-0.dll
0x000007fee97e0000 - 0x000007fee97e3000 	C:\Windows\system32\api-ms-win-core-file-l2-1-0.dll
0x000007fee97d0000 - 0x000007fee97d3000 	C:\Windows\system32\api-ms-win-core-localization-l1-2-0.dll
0x000007fefc430000 - 0x000007fefc433000 	C:\Windows\system32\api-ms-win-core-synch-l1-2-0.dll
0x000007fee97c0000 - 0x000007fee97c3000 	C:\Windows\system32\api-ms-win-core-processthreads-l1-1-1.dll
0x000007fee97b0000 - 0x000007fee97b3000 	C:\Windows\system32\api-ms-win-core-file-l1-2-0.dll
0x000007fee9790000 - 0x000007fee9794000 	C:\Windows\system32\api-ms-win-crt-string-l1-1-0.dll
0x000007fee97a0000 - 0x000007fee97a3000 	C:\Windows\system32\api-ms-win-crt-heap-l1-1-0.dll
0x000007fee9780000 - 0x000007fee9784000 	C:\Windows\system32\api-ms-win-crt-stdio-l1-1-0.dll
0x000007fee9770000 - 0x000007fee9774000 	C:\Windows\system32\api-ms-win-crt-convert-l1-1-0.dll
0x000007fee9750000 - 0x000007fee9753000 	C:\Windows\system32\api-ms-win-crt-environment-l1-1-0.dll
0x000007fee9350000 - 0x000007fee9353000 	C:\Windows\system32\api-ms-win-crt-filesystem-l1-1-0.dll
0x000007fee9730000 - 0x000007fee9735000 	C:\Windows\system32\api-ms-win-crt-math-l1-1-0.dll
0x000007fee9700000 - 0x000007fee9703000 	C:\Windows\system32\api-ms-win-crt-locale-l1-1-0.dll
0x000007fefe030000 - 0x000007fefe05e000 	C:\Windows\system32\IMM32.DLL
0x000007fefdc40000 - 0x000007fefdd49000 	C:\Windows\system32\MSCTF.dll
0x000007feded90000 - 0x000007fedee2d000 	C:\Program Files\JetBrains\PhpStorm 2021.1.1\jbr\bin\msvcp140.dll
0x000007fee9710000 - 0x000007fee9715000 	C:\Windows\system32\api-ms-win-crt-multibyte-l1-1-0.dll
0x000007fee9720000 - 0x000007fee9723000 	C:\Windows\system32\api-ms-win-crt-time-l1-1-0.dll
0x000007fee9760000 - 0x000007fee9763000 	C:\Windows\system32\api-ms-win-crt-utility-l1-1-0.dll
0x000007fedc240000 - 0x000007fedcd8f000 	C:\Program Files\JetBrains\PhpStorm 2021.1.1\jbr\bin\server\jvm.dll
0x000007fefec20000 - 0x000007fefecfb000 	C:\Windows\system32\ADVAPI32.dll
0x000007fefdb50000 - 0x000007fefdb6f000 	C:\Windows\SYSTEM32\sechost.dll
0x000007fefe060000 - 0x000007fefe18d000 	C:\Windows\system32\RPCRT4.dll
0x000007fef1db0000 - 0x000007fef1db9000 	C:\Windows\system32\WSOCK32.dll
0x000007fefdfe0000 - 0x000007fefe02d000 	C:\Windows\system32\WS2_32.dll
0x000007fefdd50000 - 0x000007fefdd58000 	C:\Windows\system32\NSI.dll
0x000007fef9f40000 - 0x000007fef9f7b000 	C:\Windows\system32\WINMM.dll
0x000007fefc1e0000 - 0x000007fefc1ec000 	C:\Windows\system32\VERSION.dll
0x00000000779c0000 - 0x00000000779c7000 	C:\Windows\system32\PSAPI.DLL
0x000007fef5550000 - 0x000007fef5561000 	C:\Program Files\JetBrains\PhpStorm 2021.1.1\jbr\bin\verify.dll
0x000007fef4ce0000 - 0x000007fef4e05000 	C:\Windows\system32\DBGHELP.DLL
0x000007fef3840000 - 0x000007fef3869000 	C:\Program Files\JetBrains\PhpStorm 2021.1.1\jbr\bin\java.dll
0x000007fefb0e0000 - 0x000007fefb0eb000 	C:\Program Files\JetBrains\PhpStorm 2021.1.1\jbr\bin\jimage.dll
0x000007fefafb0000 - 0x000007fefafc8000 	C:\Program Files\JetBrains\PhpStorm 2021.1.1\jbr\bin\zip.dll
0x000007fefed70000 - 0x000007feffafa000 	C:\Windows\system32\SHELL32.dll
0x000007fefdde0000 - 0x000007fefdfdd000 	C:\Windows\system32\ole32.dll
0x000007fefd3c0000 - 0x000007fefd3cf000 	C:\Windows\system32\profapi.dll
0x000007fef4e10000 - 0x000007fef4e2a000 	C:\Program Files\JetBrains\PhpStorm 2021.1.1\jbr\bin\net.dll
0x000007fef50f0000 - 0x000007fef5161000 	C:\Windows\system32\WINHTTP.dll
0x000007fef5080000 - 0x000007fef50e5000 	C:\Windows\system32\webio.dll
0x000007fefcb40000 - 0x000007fefcb95000 	C:\Windows\system32\mswsock.dll
0x000007fefcb30000 - 0x000007fefcb37000 	C:\Windows\System32\wship6.dll
0x000007fef37f0000 - 0x000007fef3804000 	C:\Program Files\JetBrains\PhpStorm 2021.1.1\jbr\bin\nio.dll

dbghelp: loaded successfully - version: 4.0.5 - missing functions: none
symbol engine: initialized successfully - sym options: 0x614 - pdb path: .;C:\Program Files\JetBrains\PhpStorm 2021.1.1\jbr\bin;C:\Windows\SYSTEM32;C:\Windows\WinSxS\amd64_microsoft.windows.common-controls_6595b64144ccf1df_6.0.7601.23403_none_e36ad4593102f066;C:\Program Files\JetBrains\PhpStorm 2021.1.1\jbr\bin\server

VM Arguments:
java_command: org.jetbrains.git4idea.nativessh.GitNativeSshAskPassApp The authenticity of host 'github.com (140.82.121.4)' can't be established.
RSA key fingerprint is SHA256:nThbg6kXUpJWGl7E1IGOCspRomTxdCARLviKw6E5SY8.
This key is not known by any other names
Are you sure you want to continue connecting (yes/no/[fingerprint])? 
java_class_path (initial): C:/Program Files/JetBrains/PhpStorm 2021.1.1/plugins/git4idea/lib/git4idea-rt.jar;C:/Program Files/JetBrains/PhpStorm 2021.1.1/lib/xmlrpc-2.0.1.jar;C:/Program Files/JetBrains/PhpStorm 2021.1.1/lib/commons-codec-1.15.jar
Launcher Type: SUN_STANDARD

[Global flags]
     intx CICompilerCount                          = 3                                         {product} {ergonomic}
     uint ConcGCThreads                            = 1                                         {product} {ergonomic}
     uint G1ConcRefinementThreads                  = 4                                         {product} {ergonomic}
   size_t G1HeapRegionSize                         = 1048576                                   {product} {ergonomic}
    uintx GCDrainStackTargetSize                   = 64                                        {product} {ergonomic}
   size_t InitialHeapSize                          = 134217728                                 {product} {ergonomic}
   size_t MarkStackSize                            = 4194304                                   {product} {ergonomic}
   size_t MaxHeapSize                              = 2134900736                                {product} {ergonomic}
   size_t MaxNewSize                               = 1280311296                                {product} {ergonomic}
   size_t MinHeapDeltaBytes                        = 1048576                                   {product} {ergonomic}
    uintx NonNMethodCodeHeapSize                   = 5830732                                {pd product} {ergonomic}
    uintx NonProfiledCodeHeapSize                  = 122913754                              {pd product} {ergonomic}
    uintx ProfiledCodeHeapSize                     = 122913754                              {pd product} {ergonomic}
    uintx ReservedCodeCacheSize                    = 251658240                              {pd product} {ergonomic}
     bool SegmentedCodeCache                       = true                                      {product} {ergonomic}
     bool UseCompressedClassPointers               = true                                 {lp64_product} {ergonomic}
     bool UseCompressedOops                        = true                                 {lp64_product} {ergonomic}
     bool UseG1GC                                  = true                                      {product} {ergonomic}
     bool UseLargePagesIndividualAllocation        = false                                  {pd product} {ergonomic}

Logging:
Log output configuration:
 #0: stdout all=warning uptime,level,tags
 #1: stderr all=off uptime,level,tags

Environment Variables:
PATH=C:\Program Files\Git\mingw64\libexec\git-core;C:\Program Files\Git\mingw64\bin;C:\Program Files\Git\usr\bin;C:\Users\User\bin;C:\Windows\system32;C:\Windows;C:\Windows\System32\Wbem;C:\Windows\System32\WindowsPowerShell\v1.0;C:\Windows\System32\WindowsPowerShell\v1.0;C:\Program Files (x86)\ATI Technologies\ATI.ACE\Core-Static;C:\Program Files (x86)\NVIDIA Corporation\PhysX\Common;C:\Program Files\Git\cmd
USERNAME=User
DISPLAY=:0.0
LC_ALL=en_US.UTF-8
OS=Windows_NT
PROCESSOR_IDENTIFIER=AMD64 Family 21 Model 16 Stepping 1, AuthenticAMD



---------------  S Y S T E M  ---------------

OS: Windows 7 , 64 bit Build 7601 (6.1.7601.24260)
OS uptime: 0 days 0:24 hours

CPU:total 4 (initial active 4) (4 cores per cpu, 1 threads per core) family 21 model 16 stepping 1 microcode 0x0, cmov, cx8, fxsr, mmx, sse, sse2, sse3, ssse3, sse4.1, sse4.2, popcnt, avx, aes, clmul, mmxext, 3dnowpref, lzcnt, sse4a, tsc, tscinvbit, tscinv, bmi1, fma

Memory: 4k page, system-wide physical 8143M (2197M free)
TotalPageFile size 8141M (AvailPageFile size 6M)
current process WorkingSet (physical memory assigned to process): 35M, peak: 35M
current process commit charge ("private bytes"): 202M, peak: 202M

vm_info: Dynamic Code Evolution 64-Bit Server VM (11.0.10+9-b1341.35) for windows-amd64 JRE (11.0.10+9-b1341.35), built on Mar 31 2021 02:11:12 by "" with MS VC++ 14.0 (VS2015)

END.
